<?xml version="1.0" encoding="UTF-8" ?>
<testsuite tests="13" failures="0" name="simpledb.buffer.BasicBufferMgrTest" time="0.392" errors="0" skipped="5">
  <properties>
    <property name="java.runtime.name" value="Java(TM) SE Runtime Environment"/>
    <property name="java.vm.version" value="12.0.2+10"/>
    <property name="sun.boot.library.path" value="/Library/Java/JavaVirtualMachines/jdk-12.0.2.jdk/Contents/Home/lib"/>
    <property name="maven.multiModuleProjectDirectory" value="/Users/annapeterson/Senior/CS440/sciore-simpledb-pub/server"/>
    <property name="java.vm.vendor" value="Oracle Corporation"/>
    <property name="java.vendor.url" value="https://java.oracle.com/"/>
    <property name="guice.disable.misplaced.annotation.check" value="true"/>
    <property name="path.separator" value=":"/>
    <property name="java.vm.name" value="Java HotSpot(TM) 64-Bit Server VM"/>
    <property name="user.country" value="US"/>
    <property name="sun.java.launcher" value="SUN_STANDARD"/>
    <property name="test" value="simpledb.buffer.BasicBufferMgrTest"/>
    <property name="java.vm.specification.name" value="Java Virtual Machine Specification"/>
    <property name="user.dir" value="/Users/annapeterson/Senior/CS440/sciore-simpledb-pub/server"/>
    <property name="java.vm.compressedOopsMode" value="Zero based"/>
    <property name="java.runtime.version" value="12.0.2+10"/>
    <property name="java.awt.graphicsenv" value="sun.awt.CGraphicsEnvironment"/>
    <property name="os.arch" value="x86_64"/>
    <property name="java.io.tmpdir" value="/var/folders/1n/djfg15px2c38zbllh8m9_0k80000gn/T/"/>
    <property name="line.separator" value="
"/>
    <property name="java.vm.specification.vendor" value="Oracle Corporation"/>
    <property name="os.name" value="Mac OS X"/>
    <property name="maven.ext.class.path" value="/Applications/NetBeans/Apache NetBeans 11.1.app/Contents/Resources/NetBeans/java/maven-nblib/netbeans-eventspy.jar"/>
    <property name="classworlds.conf" value="/Applications/NetBeans/Apache NetBeans 11.1.app/Contents/Resources/NetBeans/java/maven/bin/m2.conf"/>
    <property name="sun.jnu.encoding" value="UTF-8"/>
    <property name="java.library.path" value="/Users/annapeterson/Library/Java/Extensions:/Library/Java/Extensions:/Network/Library/Java/Extensions:/System/Library/Java/Extensions:/usr/lib/java:."/>
    <property name="jdk.debug" value="release"/>
    <property name="java.class.version" value="56.0"/>
    <property name="java.specification.name" value="Java Platform API Specification"/>
    <property name="sun.management.compiler" value="HotSpot 64-Bit Tiered Compilers"/>
    <property name="os.version" value="10.14.6"/>
    <property name="http.nonProxyHosts" value="local|*.local|169.254/16|*.169.254/16"/>
    <property name="user.home" value="/Users/annapeterson"/>
    <property name="user.timezone" value="America/Chicago"/>
    <property name="file.encoding" value="UTF-8"/>
    <property name="java.specification.version" value="12"/>
    <property name="user.name" value="petean09"/>
    <property name="java.class.path" value="/Applications/NetBeans/Apache NetBeans 11.1.app/Contents/Resources/NetBeans/java/maven/boot/plexus-classworlds-2.5.2.jar"/>
    <property name="java.vm.specification.version" value="12"/>
    <property name="sun.arch.data.model" value="64"/>
    <property name="sun.java.command" value="org.codehaus.plexus.classworlds.launcher.Launcher -Dtest=simpledb.buffer.BasicBufferMgrTest -Dmaven.ext.class.path=/Applications/NetBeans/Apache NetBeans 11.1.app/Contents/Resources/NetBeans/java/maven-nblib/netbeans-eventspy.jar test-compile surefire:test"/>
    <property name="java.home" value="/Library/Java/JavaVirtualMachines/jdk-12.0.2.jdk/Contents/Home"/>
    <property name="user.language" value="en"/>
    <property name="java.specification.vendor" value="Oracle Corporation"/>
    <property name="awt.toolkit" value="sun.lwawt.macosx.LWCToolkit"/>
    <property name="java.vm.info" value="mixed mode, sharing"/>
    <property name="java.version" value="12.0.2"/>
    <property name="java.vendor" value="Oracle Corporation"/>
    <property name="maven.home" value="/Applications/NetBeans/Apache NetBeans 11.1.app/Contents/Resources/NetBeans/java/maven"/>
    <property name="file.separator" value="/"/>
    <property name="java.version.date" value="2019-07-16"/>
    <property name="java.vendor.url.bug" value="https://bugreport.java.com/bugreport/"/>
    <property name="sun.io.unicode.encoding" value="UnicodeBig"/>
    <property name="sun.cpu.endian" value="little"/>
    <property name="socksNonProxyHosts" value="local|*.local|169.254/16|*.169.254/16"/>
    <property name="ftp.nonProxyHosts" value="local|*.local|169.254/16|*.169.254/16"/>
  </properties>
  <testcase classname="simpledb.buffer.BasicBufferMgrTest" name="testNaiveStrategy4" time="0.155"/>
  <testcase classname="simpledb.buffer.BasicBufferMgrTest" name="testNaiveStrategy5" time="0.048"/>
  <testcase classname="simpledb.buffer.BasicBufferMgrTest" name="testFIFOStrategy4" time="0.016"/>
  <testcase classname="simpledb.buffer.BasicBufferMgrTest" name="testFIFOStrategy5" time="0.012"/>
  <testcase classname="simpledb.buffer.BasicBufferMgrTest" name="testLRUStrategy4" time="0.02"/>
  <testcase classname="simpledb.buffer.BasicBufferMgrTest" name="testLRUStrategy5" time="0.014"/>
  <testcase classname="simpledb.buffer.BasicBufferMgrTest" name="testClockStrategy4" time="0.023"/>
  <testcase classname="simpledb.buffer.BasicBufferMgrTest" name="testClockStrategy5" time="0.014"/>
  <testcase classname="simpledb.buffer.BasicBufferMgrTest" name="testFlushAll" time="0.016">
    <skipped/>
  </testcase>
  <testcase classname="simpledb.buffer.BasicBufferMgrTest" name="testPin" time="0.017">
    <skipped/>
  </testcase>
  <testcase classname="simpledb.buffer.BasicBufferMgrTest" name="testPinNew" time="0.018">
    <skipped/>
  </testcase>
  <testcase classname="simpledb.buffer.BasicBufferMgrTest" name="testUnpin" time="0.019">
    <skipped/>
  </testcase>
  <testcase classname="simpledb.buffer.BasicBufferMgrTest" name="testAvailable" time="0.02">
    <skipped/>
  </testcase>
</testsuite>